<?xml version="1.0" encoding="UTF-8"?>
<testsuite xmlns:xsi="http://www.w3.org/2001/XMLSchema-instance" xsi:noNamespaceSchemaLocation="https://maven.apache.org/surefire/maven-surefire-plugin/xsd/surefire-test-report-3.0.xsd" version="3.0" name="com.example.CursoTest" time="1.454" tests="1" errors="1" skipped="0" failures="0">
  <properties>
    <property name="java.specification.version" value="17"/>
    <property name="sun.cpu.isalist" value="amd64"/>
    <property name="sun.jnu.encoding" value="Cp1252"/>
    <property name="java.class.path" value="C:\Users\bella\OneDrive\Documentos\Ebac BD parte dois\Modulo34\demo\target\test-classes;C:\Users\bella\OneDrive\Documentos\Ebac BD parte dois\Modulo34\demo\target\classes;C:\Users\bella\.m2\repository\org\hibernate\ogm\hibernate-ogm-mongodb\5.4.1.Final\hibernate-ogm-mongodb-5.4.1.Final.jar;C:\Users\bella\.m2\repository\org\hibernate\ogm\hibernate-ogm-core\5.4.1.Final\hibernate-ogm-core-5.4.1.Final.jar;C:\Users\bella\.m2\repository\org\hibernate\hibernate-core\5.3.6.Final\hibernate-core-5.3.6.Final.jar;C:\Users\bella\.m2\repository\javax\persistence\javax.persistence-api\2.2\javax.persistence-api-2.2.jar;C:\Users\bella\.m2\repository\org\javassist\javassist\3.23.1-GA\javassist-3.23.1-GA.jar;C:\Users\bella\.m2\repository\net\bytebuddy\byte-buddy\1.8.17\byte-buddy-1.8.17.jar;C:\Users\bella\.m2\repository\antlr\antlr\2.7.7\antlr-2.7.7.jar;C:\Users\bella\.m2\repository\org\jboss\spec\javax\transaction\jboss-transaction-api_1.2_spec\1.1.1.Final\jboss-transaction-api_1.2_spec-1.1.1.Final.jar;C:\Users\bella\.m2\repository\org\jboss\jandex\2.0.5.Final\jandex-2.0.5.Final.jar;C:\Users\bella\.m2\repository\dom4j\dom4j\1.6.1\dom4j-1.6.1.jar;C:\Users\bella\.m2\repository\com\fasterxml\classmate\1.3.4\classmate-1.3.4.jar;C:\Users\bella\.m2\repository\org\hibernate\common\hibernate-commons-annotations\5.0.4.Final\hibernate-commons-annotations-5.0.4.Final.jar;C:\Users\bella\.m2\repository\org\jboss\logging\jboss-logging\3.3.2.Final\jboss-logging-3.3.2.Final.jar;C:\Users\bella\.m2\repository\org\hibernate\hql\hibernate-hql-parser\1.5.0.Final\hibernate-hql-parser-1.5.0.Final.jar;C:\Users\bella\.m2\repository\org\antlr\antlr-runtime\3.4\antlr-runtime-3.4.jar;C:\Users\bella\.m2\repository\org\antlr\stringtemplate\3.2.1\stringtemplate-3.2.1.jar;C:\Users\bella\.m2\repository\org\mongodb\mongo-java-driver\3.9.1\mongo-java-driver-3.9.1.jar;C:\Users\bella\.m2\repository\org\parboiled\parboiled-java\1.1.8\parboiled-java-1.1.8.jar;C:\Users\bella\.m2\repository\org\parboiled\parboiled-core\1.1.8\parboiled-core-1.1.8.jar;C:\Users\bella\.m2\repository\org\ow2\asm\asm\6.2\asm-6.2.jar;C:\Users\bella\.m2\repository\org\ow2\asm\asm-tree\6.2\asm-tree-6.2.jar;C:\Users\bella\.m2\repository\org\ow2\asm\asm-analysis\6.2\asm-analysis-6.2.jar;C:\Users\bella\.m2\repository\org\ow2\asm\asm-util\6.2\asm-util-6.2.jar;C:\Users\bella\.m2\repository\org\hibernate\ogm\hibernate-ogm-neo4j\5.4.1.Final\hibernate-ogm-neo4j-5.4.1.Final.jar;C:\Users\bella\.m2\repository\org\neo4j\neo4j\3.4.10\neo4j-3.4.10.jar;C:\Users\bella\.m2\repository\org\neo4j\neo4j-kernel\3.1.9\neo4j-kernel-3.1.9.jar;C:\Users\bella\.m2\repository\org\neo4j\neo4j-graphdb-api\3.4.10\neo4j-graphdb-api-3.4.10.jar;C:\Users\bella\.m2\repository\org\neo4j\neo4j-resource\3.4.10\neo4j-resource-3.4.10.jar;C:\Users\bella\.m2\repository\org\neo4j\neo4j-common\3.4.10\neo4j-common-3.4.10.jar;C:\Users\bella\.m2\repository\org\neo4j\neo4j-collections\3.4.10\neo4j-collections-3.4.10.jar;C:\Users\bella\.m2\repository\org\neo4j\neo4j-primitive-collections\3.4.10\neo4j-primitive-collections-3.4.10.jar;C:\Users\bella\.m2\repository\org\neo4j\neo4j-unsafe\3.4.10\neo4j-unsafe-3.4.10.jar;C:\Users\bella\.m2\repository\org\neo4j\neo4j-io\3.4.10\neo4j-io-3.4.10.jar;C:\Users\bella\.m2\repository\org\neo4j\neo4j-csv\3.1.9\neo4j-csv-3.1.9.jar;C:\Users\bella\.m2\repository\org\neo4j\neo4j-logging\3.1.9\neo4j-logging-3.1.9.jar;C:\Users\bella\.m2\repository\org\neo4j\neo4j-lucene-upgrade\3.1.9\neo4j-lucene-upgrade-3.1.9.jar;C:\Users\bella\.m2\repository\org\apache\lucene\lucene-backward-codecs\5.5.0\lucene-backward-codecs-5.5.0.jar;C:\Users\bella\.m2\repository\org\neo4j\neo4j-lucene-index\3.4.10\neo4j-lucene-index-3.4.10.jar;C:\Users\bella\.m2\repository\org\apache\lucene\lucene-analyzers-common\5.5.5\lucene-analyzers-common-5.5.5.jar;C:\Users\bella\.m2\repository\org\apache\lucene\lucene-core\5.5.0\lucene-core-5.5.0.jar;C:\Users\bella\.m2\repository\org\apache\lucene\lucene-queryparser\5.5.5\lucene-queryparser-5.5.5.jar;C:\Users\bella\.m2\repository\org\apache\lucene\lucene-codecs\5.5.5\lucene-codecs-5.5.5.jar;C:\Users\bella\.m2\repository\org\neo4j\neo4j-graph-algo\3.4.10\neo4j-graph-algo-3.4.10.jar;C:\Users\bella\.m2\repository\org\neo4j\neo4j-udc\3.4.10\neo4j-udc-3.4.10.jar;C:\Users\bella\.m2\repository\org\neo4j\neo4j-cypher\3.4.10\neo4j-cypher-3.4.10.jar;C:\Users\bella\.m2\repository\org\scala-lang\scala-reflect\2.11.7\scala-reflect-2.11.7.jar;C:\Users\bella\.m2\repository\org\neo4j\neo4j-graph-matching\3.1.9\neo4j-graph-matching-3.1.9.jar;C:\Users\bella\.m2\repository\org\neo4j\neo4j-codegen\3.4.10\neo4j-codegen-3.4.10.jar;C:\Users\bella\.m2\repository\org\neo4j\neo4j-values\3.4.10\neo4j-values-3.4.10.jar;C:\Users\bella\.m2\repository\org\neo4j\neo4j-cypher-compiler-2.3\2.3.12\neo4j-cypher-compiler-2.3-2.3.12.jar;C:\Users\bella\.m2\repository\org\neo4j\neo4j-cypher-frontend-2.3\2.3.12\neo4j-cypher-frontend-2.3-2.3.12.jar;C:\Users\bella\.m2\repository\com\googlecode\concurrentlinkedhashmap\concurrentlinkedhashmap-lru\1.4.2\concurrentlinkedhashmap-lru-1.4.2.jar;C:\Users\bella\.m2\repository\org\neo4j\neo4j-cypher-compiler-3.1\3.1.9\neo4j-cypher-compiler-3.1-3.1.9.jar;C:\Users\bella\.m2\repository\org\neo4j\neo4j-cypher-frontend-3.1\3.1.9\neo4j-cypher-frontend-3.1-3.1.9.jar;C:\Users\bella\.m2\repository\com\github\ben-manes\caffeine\caffeine\2.6.2\caffeine-2.6.2.jar;C:\Users\bella\.m2\repository\org\neo4j\neo4j-cypher-compiler-3.3\3.3.8\neo4j-cypher-compiler-3.3-3.3.8.jar;C:\Users\bella\.m2\repository\org\neo4j\neo4j-cypher-frontend-3.3\3.3.8\neo4j-cypher-frontend-3.3-3.3.8.jar;C:\Users\bella\.m2\repository\org\neo4j\neo4j-cypher-ir-3.3\3.3.8\neo4j-cypher-ir-3.3-3.3.8.jar;C:\Users\bella\.m2\repository\org\neo4j\neo4j-cypher-logical-plans-3.3\3.3.8\neo4j-cypher-logical-plans-3.3-3.3.8.jar;C:\Users\bella\.m2\repository\org\neo4j\neo4j-cypher-util-3.4\3.4.10\neo4j-cypher-util-3.4-3.4.10.jar;C:\Users\bella\.m2\repository\org\neo4j\neo4j-cypher-planner-3.4\3.4.10\neo4j-cypher-planner-3.4-3.4.10.jar;C:\Users\bella\.m2\repository\org\neo4j\openCypher-frontend-1\3.4.10\openCypher-frontend-1-3.4.10.jar;C:\Users\bella\.m2\repository\org\neo4j\neo4j-cypher-expression-3.4\3.4.10\neo4j-cypher-expression-3.4-3.4.10.jar;C:\Users\bella\.m2\repository\org\neo4j\neo4j-cypher-ir-3.4\3.4.10\neo4j-cypher-ir-3.4-3.4.10.jar;C:\Users\bella\.m2\repository\org\neo4j\neo4j-cypher-logical-plans-3.4\3.4.10\neo4j-cypher-logical-plans-3.4-3.4.10.jar;C:\Users\bella\.m2\repository\org\neo4j\neo4j-cypher-planner-spi-3.4\3.4.10\neo4j-cypher-planner-spi-3.4-3.4.10.jar;C:\Users\bella\.m2\repository\org\neo4j\neo4j-cypher-runtime-util\3.4.10\neo4j-cypher-runtime-util-3.4.10.jar;C:\Users\bella\.m2\repository\org\neo4j\neo4j-cypher-interpreted-runtime\3.4.10\neo4j-cypher-interpreted-runtime-3.4.10.jar;C:\Users\bella\.m2\repository\net\sf\opencsv\opencsv\2.3\opencsv-2.3.jar;C:\Users\bella\.m2\repository\org\neo4j\neo4j-jmx\3.4.10\neo4j-jmx-3.4.10.jar;C:\Users\bella\.m2\repository\org\neo4j\neo4j-consistency-check\3.4.10\neo4j-consistency-check-3.4.10.jar;C:\Users\bella\.m2\repository\org\neo4j\neo4j-command-line\3.4.10\neo4j-command-line-3.4.10.jar;C:\Users\bella\.m2\repository\org\apache\commons\commons-text\1.3\commons-text-1.3.jar;C:\Users\bella\.m2\repository\org\neo4j\neo4j-dbms\3.4.10\neo4j-dbms-3.4.10.jar;C:\Users\bella\.m2\repository\org\neo4j\neo4j-import-tool\3.4.10\neo4j-import-tool-3.4.10.jar;C:\Users\bella\.m2\repository\org\jprocesses\jProcesses\1.6.4\jProcesses-1.6.4.jar;C:\Users\bella\.m2\repository\com\profesorfalken\WMI4Java\1.6.1\WMI4Java-1.6.1.jar;C:\Users\bella\.m2\repository\com\profesorfalken\jPowerShell\1.9\jPowerShell-1.9.jar;C:\Users\bella\.m2\repository\org\apache\commons\commons-compress\1.16.1\commons-compress-1.16.1.jar;C:\Users\bella\.m2\repository\org\apache\commons\commons-lang3\3.5\commons-lang3-3.5.jar;C:\Users\bella\.m2\repository\org\parboiled\parboiled-scala_2.11\1.1.8\parboiled-scala_2.11-1.1.8.jar;C:\Users\bella\.m2\repository\org\scala-lang\scala-library\2.11.12\scala-library-2.11.12.jar;C:\Users\bella\.m2\repository\org\neo4j\driver\neo4j-java-driver\1.7.2\neo4j-java-driver-1.7.2.jar;C:\Users\bella\.m2\repository\org\jboss\resteasy\resteasy-client\3.0.24.Final\resteasy-client-3.0.24.Final.jar;C:\Users\bella\.m2\repository\org\jboss\resteasy\resteasy-jaxrs\3.0.24.Final\resteasy-jaxrs-3.0.24.Final.jar;C:\Users\bella\.m2\repository\org\jboss\spec\javax\ws\rs\jboss-jaxrs-api_2.0_spec\1.0.1.Beta1\jboss-jaxrs-api_2.0_spec-1.0.1.Beta1.jar;C:\Users\bella\.m2\repository\org\jboss\spec\javax\annotation\jboss-annotations-api_1.2_spec\1.0.0.Final\jboss-annotations-api_1.2_spec-1.0.0.Final.jar;C:\Users\bella\.m2\repository\javax\activation\activation\1.1.1\activation-1.1.1.jar;C:\Users\bella\.m2\repository\org\apache\httpcomponents\httpclient\4.5.2\httpclient-4.5.2.jar;C:\Users\bella\.m2\repository\org\apache\httpcomponents\httpcore\4.4.4\httpcore-4.4.4.jar;C:\Users\bella\.m2\repository\commons-logging\commons-logging\1.2\commons-logging-1.2.jar;C:\Users\bella\.m2\repository\commons-codec\commons-codec\1.9\commons-codec-1.9.jar;C:\Users\bella\.m2\repository\commons-io\commons-io\2.5\commons-io-2.5.jar;C:\Users\bella\.m2\repository\net\jcip\jcip-annotations\1.0\jcip-annotations-1.0.jar;C:\Users\bella\.m2\repository\org\jboss\resteasy\resteasy-jackson2-provider\3.0.24.Final\resteasy-jackson2-provider-3.0.24.Final.jar;C:\Users\bella\.m2\repository\com\fasterxml\jackson\core\jackson-core\2.8.9\jackson-core-2.8.9.jar;C:\Users\bella\.m2\repository\com\fasterxml\jackson\jaxrs\jackson-jaxrs-json-provider\2.8.9\jackson-jaxrs-json-provider-2.8.9.jar;C:\Users\bella\.m2\repository\com\fasterxml\jackson\jaxrs\jackson-jaxrs-base\2.8.9\jackson-jaxrs-base-2.8.9.jar;C:\Users\bella\.m2\repository\com\fasterxml\jackson\module\jackson-module-jaxb-annotations\2.8.9\jackson-module-jaxb-annotations-2.8.9.jar;C:\Users\bella\.m2\repository\com\fasterxml\jackson\core\jackson-annotations\2.8.9\jackson-annotations-2.8.9.jar;C:\Users\bella\.m2\repository\com\fasterxml\jackson\core\jackson-databind\2.8.9\jackson-databind-2.8.9.jar;C:\Users\bella\.m2\repository\org\jboss\narayana\jta\narayana-jta\7.0.0.Final\narayana-jta-7.0.0.Final.jar;C:\Users\bella\.m2\repository\jakarta\enterprise\jakarta.enterprise.cdi-api\4.0.0\jakarta.enterprise.cdi-api-4.0.0.jar;C:\Users\bella\.m2\repository\jakarta\enterprise\jakarta.enterprise.lang-model\4.0.0\jakarta.enterprise.lang-model-4.0.0.jar;C:\Users\bella\.m2\repository\jakarta\el\jakarta.el-api\5.0.0\jakarta.el-api-5.0.0.jar;C:\Users\bella\.m2\repository\jakarta\interceptor\jakarta.interceptor-api\2.1.0\jakarta.interceptor-api-2.1.0.jar;C:\Users\bella\.m2\repository\jakarta\inject\jakarta.inject-api\2.0.1\jakarta.inject-api-2.0.1.jar;C:\Users\bella\.m2\repository\org\jboss\jboss-transaction-spi\8.0.0.Final\jboss-transaction-spi-8.0.0.Final.jar;C:\Users\bella\.m2\repository\jakarta\resource\jakarta.resource-api\2.0.0\jakarta.resource-api-2.0.0.jar;C:\Users\bella\.m2\repository\jakarta\transaction\jakarta.transaction-api\2.0.0-RC1\jakarta.transaction-api-2.0.0-RC1.jar;C:\Users\bella\.m2\repository\org\reactivestreams\reactive-streams\1.0.3\reactive-streams-1.0.3.jar;C:\Users\bella\.m2\repository\org\jboss\invocation\jboss-invocation\2.0.0.Final\jboss-invocation-2.0.0.Final.jar;C:\Users\bella\.m2\repository\jakarta\ejb\jakarta.ejb-api\4.0.1\jakarta.ejb-api-4.0.1.jar;C:\Users\bella\.m2\repository\org\eclipse\microprofile\reactive-streams-operators\microprofile-reactive-streams-operators-api\3.0\microprofile-reactive-streams-operators-api-3.0.jar;C:\Users\bella\.m2\repository\org\parboiled\parboiled_3\2.5.0\parboiled_3-2.5.0.jar;C:\Users\bella\.m2\repository\org\scala-lang\scala3-library_3\3.3.0\scala3-library_3-3.3.0.jar;C:\Users\bella\.m2\repository\javax\xml\bind\jaxb-api\2.3.1\jaxb-api-2.3.1.jar;C:\Users\bella\.m2\repository\javax\activation\javax.activation-api\1.2.0\javax.activation-api-1.2.0.jar;C:\Users\bella\.m2\repository\com\sun\xml\bind\jaxb-core\4.0.3\jaxb-core-4.0.3.jar;C:\Users\bella\.m2\repository\jakarta\xml\bind\jakarta.xml.bind-api\4.0.0\jakarta.xml.bind-api-4.0.0.jar;C:\Users\bella\.m2\repository\jakarta\activation\jakarta.activation-api\2.1.2\jakarta.activation-api-2.1.2.jar;C:\Users\bella\.m2\repository\org\eclipse\angus\angus-activation\2.0.1\angus-activation-2.0.1.jar;C:\Users\bella\.m2\repository\com\sun\xml\bind\jaxb-impl\4.0.3\jaxb-impl-4.0.3.jar;C:\Users\bella\.m2\repository\org\easytesting\fest-assert\1.4\fest-assert-1.4.jar;C:\Users\bella\.m2\repository\org\easytesting\fest-util\1.1.6\fest-util-1.1.6.jar;C:\Users\bella\.m2\repository\junit\junit\4.12\junit-4.12.jar;C:\Users\bella\.m2\repository\org\hamcrest\hamcrest-core\1.3\hamcrest-core-1.3.jar;"/>
    <property name="java.vm.vendor" value="Oracle Corporation"/>
    <property name="sun.arch.data.model" value="64"/>
    <property name="user.variant" value=""/>
    <property name="java.vendor.url" value="https://java.oracle.com/"/>
    <property name="user.timezone" value="America/Sao_Paulo"/>
    <property name="os.name" value="Windows 11"/>
    <property name="java.vm.specification.version" value="17"/>
    <property name="sun.java.launcher" value="SUN_STANDARD"/>
    <property name="user.country" value="BR"/>
    <property name="sun.boot.library.path" value="C:\Program Files\Java\jdk-17.0.5\bin"/>
    <property name="sun.java.command" value="C:\Users\bella\AppData\Local\Temp\surefire12648846927240172556\surefirebooter-20230925150147962_3.jar C:\Users\bella\AppData\Local\Temp\surefire12648846927240172556 2023-09-25T15-01-47_789-jvmRun1 surefire-20230925150147962_1tmp surefire_0-20230925150147962_2tmp"/>
    <property name="jdk.debug" value="release"/>
    <property name="surefire.test.class.path" value="C:\Users\bella\OneDrive\Documentos\Ebac BD parte dois\Modulo34\demo\target\test-classes;C:\Users\bella\OneDrive\Documentos\Ebac BD parte dois\Modulo34\demo\target\classes;C:\Users\bella\.m2\repository\org\hibernate\ogm\hibernate-ogm-mongodb\5.4.1.Final\hibernate-ogm-mongodb-5.4.1.Final.jar;C:\Users\bella\.m2\repository\org\hibernate\ogm\hibernate-ogm-core\5.4.1.Final\hibernate-ogm-core-5.4.1.Final.jar;C:\Users\bella\.m2\repository\org\hibernate\hibernate-core\5.3.6.Final\hibernate-core-5.3.6.Final.jar;C:\Users\bella\.m2\repository\javax\persistence\javax.persistence-api\2.2\javax.persistence-api-2.2.jar;C:\Users\bella\.m2\repository\org\javassist\javassist\3.23.1-GA\javassist-3.23.1-GA.jar;C:\Users\bella\.m2\repository\net\bytebuddy\byte-buddy\1.8.17\byte-buddy-1.8.17.jar;C:\Users\bella\.m2\repository\antlr\antlr\2.7.7\antlr-2.7.7.jar;C:\Users\bella\.m2\repository\org\jboss\spec\javax\transaction\jboss-transaction-api_1.2_spec\1.1.1.Final\jboss-transaction-api_1.2_spec-1.1.1.Final.jar;C:\Users\bella\.m2\repository\org\jboss\jandex\2.0.5.Final\jandex-2.0.5.Final.jar;C:\Users\bella\.m2\repository\dom4j\dom4j\1.6.1\dom4j-1.6.1.jar;C:\Users\bella\.m2\repository\com\fasterxml\classmate\1.3.4\classmate-1.3.4.jar;C:\Users\bella\.m2\repository\org\hibernate\common\hibernate-commons-annotations\5.0.4.Final\hibernate-commons-annotations-5.0.4.Final.jar;C:\Users\bella\.m2\repository\org\jboss\logging\jboss-logging\3.3.2.Final\jboss-logging-3.3.2.Final.jar;C:\Users\bella\.m2\repository\org\hibernate\hql\hibernate-hql-parser\1.5.0.Final\hibernate-hql-parser-1.5.0.Final.jar;C:\Users\bella\.m2\repository\org\antlr\antlr-runtime\3.4\antlr-runtime-3.4.jar;C:\Users\bella\.m2\repository\org\antlr\stringtemplate\3.2.1\stringtemplate-3.2.1.jar;C:\Users\bella\.m2\repository\org\mongodb\mongo-java-driver\3.9.1\mongo-java-driver-3.9.1.jar;C:\Users\bella\.m2\repository\org\parboiled\parboiled-java\1.1.8\parboiled-java-1.1.8.jar;C:\Users\bella\.m2\repository\org\parboiled\parboiled-core\1.1.8\parboiled-core-1.1.8.jar;C:\Users\bella\.m2\repository\org\ow2\asm\asm\6.2\asm-6.2.jar;C:\Users\bella\.m2\repository\org\ow2\asm\asm-tree\6.2\asm-tree-6.2.jar;C:\Users\bella\.m2\repository\org\ow2\asm\asm-analysis\6.2\asm-analysis-6.2.jar;C:\Users\bella\.m2\repository\org\ow2\asm\asm-util\6.2\asm-util-6.2.jar;C:\Users\bella\.m2\repository\org\hibernate\ogm\hibernate-ogm-neo4j\5.4.1.Final\hibernate-ogm-neo4j-5.4.1.Final.jar;C:\Users\bella\.m2\repository\org\neo4j\neo4j\3.4.10\neo4j-3.4.10.jar;C:\Users\bella\.m2\repository\org\neo4j\neo4j-kernel\3.1.9\neo4j-kernel-3.1.9.jar;C:\Users\bella\.m2\repository\org\neo4j\neo4j-graphdb-api\3.4.10\neo4j-graphdb-api-3.4.10.jar;C:\Users\bella\.m2\repository\org\neo4j\neo4j-resource\3.4.10\neo4j-resource-3.4.10.jar;C:\Users\bella\.m2\repository\org\neo4j\neo4j-common\3.4.10\neo4j-common-3.4.10.jar;C:\Users\bella\.m2\repository\org\neo4j\neo4j-collections\3.4.10\neo4j-collections-3.4.10.jar;C:\Users\bella\.m2\repository\org\neo4j\neo4j-primitive-collections\3.4.10\neo4j-primitive-collections-3.4.10.jar;C:\Users\bella\.m2\repository\org\neo4j\neo4j-unsafe\3.4.10\neo4j-unsafe-3.4.10.jar;C:\Users\bella\.m2\repository\org\neo4j\neo4j-io\3.4.10\neo4j-io-3.4.10.jar;C:\Users\bella\.m2\repository\org\neo4j\neo4j-csv\3.1.9\neo4j-csv-3.1.9.jar;C:\Users\bella\.m2\repository\org\neo4j\neo4j-logging\3.1.9\neo4j-logging-3.1.9.jar;C:\Users\bella\.m2\repository\org\neo4j\neo4j-lucene-upgrade\3.1.9\neo4j-lucene-upgrade-3.1.9.jar;C:\Users\bella\.m2\repository\org\apache\lucene\lucene-backward-codecs\5.5.0\lucene-backward-codecs-5.5.0.jar;C:\Users\bella\.m2\repository\org\neo4j\neo4j-lucene-index\3.4.10\neo4j-lucene-index-3.4.10.jar;C:\Users\bella\.m2\repository\org\apache\lucene\lucene-analyzers-common\5.5.5\lucene-analyzers-common-5.5.5.jar;C:\Users\bella\.m2\repository\org\apache\lucene\lucene-core\5.5.0\lucene-core-5.5.0.jar;C:\Users\bella\.m2\repository\org\apache\lucene\lucene-queryparser\5.5.5\lucene-queryparser-5.5.5.jar;C:\Users\bella\.m2\repository\org\apache\lucene\lucene-codecs\5.5.5\lucene-codecs-5.5.5.jar;C:\Users\bella\.m2\repository\org\neo4j\neo4j-graph-algo\3.4.10\neo4j-graph-algo-3.4.10.jar;C:\Users\bella\.m2\repository\org\neo4j\neo4j-udc\3.4.10\neo4j-udc-3.4.10.jar;C:\Users\bella\.m2\repository\org\neo4j\neo4j-cypher\3.4.10\neo4j-cypher-3.4.10.jar;C:\Users\bella\.m2\repository\org\scala-lang\scala-reflect\2.11.7\scala-reflect-2.11.7.jar;C:\Users\bella\.m2\repository\org\neo4j\neo4j-graph-matching\3.1.9\neo4j-graph-matching-3.1.9.jar;C:\Users\bella\.m2\repository\org\neo4j\neo4j-codegen\3.4.10\neo4j-codegen-3.4.10.jar;C:\Users\bella\.m2\repository\org\neo4j\neo4j-values\3.4.10\neo4j-values-3.4.10.jar;C:\Users\bella\.m2\repository\org\neo4j\neo4j-cypher-compiler-2.3\2.3.12\neo4j-cypher-compiler-2.3-2.3.12.jar;C:\Users\bella\.m2\repository\org\neo4j\neo4j-cypher-frontend-2.3\2.3.12\neo4j-cypher-frontend-2.3-2.3.12.jar;C:\Users\bella\.m2\repository\com\googlecode\concurrentlinkedhashmap\concurrentlinkedhashmap-lru\1.4.2\concurrentlinkedhashmap-lru-1.4.2.jar;C:\Users\bella\.m2\repository\org\neo4j\neo4j-cypher-compiler-3.1\3.1.9\neo4j-cypher-compiler-3.1-3.1.9.jar;C:\Users\bella\.m2\repository\org\neo4j\neo4j-cypher-frontend-3.1\3.1.9\neo4j-cypher-frontend-3.1-3.1.9.jar;C:\Users\bella\.m2\repository\com\github\ben-manes\caffeine\caffeine\2.6.2\caffeine-2.6.2.jar;C:\Users\bella\.m2\repository\org\neo4j\neo4j-cypher-compiler-3.3\3.3.8\neo4j-cypher-compiler-3.3-3.3.8.jar;C:\Users\bella\.m2\repository\org\neo4j\neo4j-cypher-frontend-3.3\3.3.8\neo4j-cypher-frontend-3.3-3.3.8.jar;C:\Users\bella\.m2\repository\org\neo4j\neo4j-cypher-ir-3.3\3.3.8\neo4j-cypher-ir-3.3-3.3.8.jar;C:\Users\bella\.m2\repository\org\neo4j\neo4j-cypher-logical-plans-3.3\3.3.8\neo4j-cypher-logical-plans-3.3-3.3.8.jar;C:\Users\bella\.m2\repository\org\neo4j\neo4j-cypher-util-3.4\3.4.10\neo4j-cypher-util-3.4-3.4.10.jar;C:\Users\bella\.m2\repository\org\neo4j\neo4j-cypher-planner-3.4\3.4.10\neo4j-cypher-planner-3.4-3.4.10.jar;C:\Users\bella\.m2\repository\org\neo4j\openCypher-frontend-1\3.4.10\openCypher-frontend-1-3.4.10.jar;C:\Users\bella\.m2\repository\org\neo4j\neo4j-cypher-expression-3.4\3.4.10\neo4j-cypher-expression-3.4-3.4.10.jar;C:\Users\bella\.m2\repository\org\neo4j\neo4j-cypher-ir-3.4\3.4.10\neo4j-cypher-ir-3.4-3.4.10.jar;C:\Users\bella\.m2\repository\org\neo4j\neo4j-cypher-logical-plans-3.4\3.4.10\neo4j-cypher-logical-plans-3.4-3.4.10.jar;C:\Users\bella\.m2\repository\org\neo4j\neo4j-cypher-planner-spi-3.4\3.4.10\neo4j-cypher-planner-spi-3.4-3.4.10.jar;C:\Users\bella\.m2\repository\org\neo4j\neo4j-cypher-runtime-util\3.4.10\neo4j-cypher-runtime-util-3.4.10.jar;C:\Users\bella\.m2\repository\org\neo4j\neo4j-cypher-interpreted-runtime\3.4.10\neo4j-cypher-interpreted-runtime-3.4.10.jar;C:\Users\bella\.m2\repository\net\sf\opencsv\opencsv\2.3\opencsv-2.3.jar;C:\Users\bella\.m2\repository\org\neo4j\neo4j-jmx\3.4.10\neo4j-jmx-3.4.10.jar;C:\Users\bella\.m2\repository\org\neo4j\neo4j-consistency-check\3.4.10\neo4j-consistency-check-3.4.10.jar;C:\Users\bella\.m2\repository\org\neo4j\neo4j-command-line\3.4.10\neo4j-command-line-3.4.10.jar;C:\Users\bella\.m2\repository\org\apache\commons\commons-text\1.3\commons-text-1.3.jar;C:\Users\bella\.m2\repository\org\neo4j\neo4j-dbms\3.4.10\neo4j-dbms-3.4.10.jar;C:\Users\bella\.m2\repository\org\neo4j\neo4j-import-tool\3.4.10\neo4j-import-tool-3.4.10.jar;C:\Users\bella\.m2\repository\org\jprocesses\jProcesses\1.6.4\jProcesses-1.6.4.jar;C:\Users\bella\.m2\repository\com\profesorfalken\WMI4Java\1.6.1\WMI4Java-1.6.1.jar;C:\Users\bella\.m2\repository\com\profesorfalken\jPowerShell\1.9\jPowerShell-1.9.jar;C:\Users\bella\.m2\repository\org\apache\commons\commons-compress\1.16.1\commons-compress-1.16.1.jar;C:\Users\bella\.m2\repository\org\apache\commons\commons-lang3\3.5\commons-lang3-3.5.jar;C:\Users\bella\.m2\repository\org\parboiled\parboiled-scala_2.11\1.1.8\parboiled-scala_2.11-1.1.8.jar;C:\Users\bella\.m2\repository\org\scala-lang\scala-library\2.11.12\scala-library-2.11.12.jar;C:\Users\bella\.m2\repository\org\neo4j\driver\neo4j-java-driver\1.7.2\neo4j-java-driver-1.7.2.jar;C:\Users\bella\.m2\repository\org\jboss\resteasy\resteasy-client\3.0.24.Final\resteasy-client-3.0.24.Final.jar;C:\Users\bella\.m2\repository\org\jboss\resteasy\resteasy-jaxrs\3.0.24.Final\resteasy-jaxrs-3.0.24.Final.jar;C:\Users\bella\.m2\repository\org\jboss\spec\javax\ws\rs\jboss-jaxrs-api_2.0_spec\1.0.1.Beta1\jboss-jaxrs-api_2.0_spec-1.0.1.Beta1.jar;C:\Users\bella\.m2\repository\org\jboss\spec\javax\annotation\jboss-annotations-api_1.2_spec\1.0.0.Final\jboss-annotations-api_1.2_spec-1.0.0.Final.jar;C:\Users\bella\.m2\repository\javax\activation\activation\1.1.1\activation-1.1.1.jar;C:\Users\bella\.m2\repository\org\apache\httpcomponents\httpclient\4.5.2\httpclient-4.5.2.jar;C:\Users\bella\.m2\repository\org\apache\httpcomponents\httpcore\4.4.4\httpcore-4.4.4.jar;C:\Users\bella\.m2\repository\commons-logging\commons-logging\1.2\commons-logging-1.2.jar;C:\Users\bella\.m2\repository\commons-codec\commons-codec\1.9\commons-codec-1.9.jar;C:\Users\bella\.m2\repository\commons-io\commons-io\2.5\commons-io-2.5.jar;C:\Users\bella\.m2\repository\net\jcip\jcip-annotations\1.0\jcip-annotations-1.0.jar;C:\Users\bella\.m2\repository\org\jboss\resteasy\resteasy-jackson2-provider\3.0.24.Final\resteasy-jackson2-provider-3.0.24.Final.jar;C:\Users\bella\.m2\repository\com\fasterxml\jackson\core\jackson-core\2.8.9\jackson-core-2.8.9.jar;C:\Users\bella\.m2\repository\com\fasterxml\jackson\jaxrs\jackson-jaxrs-json-provider\2.8.9\jackson-jaxrs-json-provider-2.8.9.jar;C:\Users\bella\.m2\repository\com\fasterxml\jackson\jaxrs\jackson-jaxrs-base\2.8.9\jackson-jaxrs-base-2.8.9.jar;C:\Users\bella\.m2\repository\com\fasterxml\jackson\module\jackson-module-jaxb-annotations\2.8.9\jackson-module-jaxb-annotations-2.8.9.jar;C:\Users\bella\.m2\repository\com\fasterxml\jackson\core\jackson-annotations\2.8.9\jackson-annotations-2.8.9.jar;C:\Users\bella\.m2\repository\com\fasterxml\jackson\core\jackson-databind\2.8.9\jackson-databind-2.8.9.jar;C:\Users\bella\.m2\repository\org\jboss\narayana\jta\narayana-jta\7.0.0.Final\narayana-jta-7.0.0.Final.jar;C:\Users\bella\.m2\repository\jakarta\enterprise\jakarta.enterprise.cdi-api\4.0.0\jakarta.enterprise.cdi-api-4.0.0.jar;C:\Users\bella\.m2\repository\jakarta\enterprise\jakarta.enterprise.lang-model\4.0.0\jakarta.enterprise.lang-model-4.0.0.jar;C:\Users\bella\.m2\repository\jakarta\el\jakarta.el-api\5.0.0\jakarta.el-api-5.0.0.jar;C:\Users\bella\.m2\repository\jakarta\interceptor\jakarta.interceptor-api\2.1.0\jakarta.interceptor-api-2.1.0.jar;C:\Users\bella\.m2\repository\jakarta\inject\jakarta.inject-api\2.0.1\jakarta.inject-api-2.0.1.jar;C:\Users\bella\.m2\repository\org\jboss\jboss-transaction-spi\8.0.0.Final\jboss-transaction-spi-8.0.0.Final.jar;C:\Users\bella\.m2\repository\jakarta\resource\jakarta.resource-api\2.0.0\jakarta.resource-api-2.0.0.jar;C:\Users\bella\.m2\repository\jakarta\transaction\jakarta.transaction-api\2.0.0-RC1\jakarta.transaction-api-2.0.0-RC1.jar;C:\Users\bella\.m2\repository\org\reactivestreams\reactive-streams\1.0.3\reactive-streams-1.0.3.jar;C:\Users\bella\.m2\repository\org\jboss\invocation\jboss-invocation\2.0.0.Final\jboss-invocation-2.0.0.Final.jar;C:\Users\bella\.m2\repository\jakarta\ejb\jakarta.ejb-api\4.0.1\jakarta.ejb-api-4.0.1.jar;C:\Users\bella\.m2\repository\org\eclipse\microprofile\reactive-streams-operators\microprofile-reactive-streams-operators-api\3.0\microprofile-reactive-streams-operators-api-3.0.jar;C:\Users\bella\.m2\repository\org\parboiled\parboiled_3\2.5.0\parboiled_3-2.5.0.jar;C:\Users\bella\.m2\repository\org\scala-lang\scala3-library_3\3.3.0\scala3-library_3-3.3.0.jar;C:\Users\bella\.m2\repository\javax\xml\bind\jaxb-api\2.3.1\jaxb-api-2.3.1.jar;C:\Users\bella\.m2\repository\javax\activation\javax.activation-api\1.2.0\javax.activation-api-1.2.0.jar;C:\Users\bella\.m2\repository\com\sun\xml\bind\jaxb-core\4.0.3\jaxb-core-4.0.3.jar;C:\Users\bella\.m2\repository\jakarta\xml\bind\jakarta.xml.bind-api\4.0.0\jakarta.xml.bind-api-4.0.0.jar;C:\Users\bella\.m2\repository\jakarta\activation\jakarta.activation-api\2.1.2\jakarta.activation-api-2.1.2.jar;C:\Users\bella\.m2\repository\org\eclipse\angus\angus-activation\2.0.1\angus-activation-2.0.1.jar;C:\Users\bella\.m2\repository\com\sun\xml\bind\jaxb-impl\4.0.3\jaxb-impl-4.0.3.jar;C:\Users\bella\.m2\repository\org\easytesting\fest-assert\1.4\fest-assert-1.4.jar;C:\Users\bella\.m2\repository\org\easytesting\fest-util\1.1.6\fest-util-1.1.6.jar;C:\Users\bella\.m2\repository\junit\junit\4.12\junit-4.12.jar;C:\Users\bella\.m2\repository\org\hamcrest\hamcrest-core\1.3\hamcrest-core-1.3.jar;"/>
    <property name="sun.cpu.endian" value="little"/>
    <property name="user.home" value="C:\Users\bella"/>
    <property name="user.language" value="pt"/>
    <property name="java.specification.vendor" value="Oracle Corporation"/>
    <property name="java.version.date" value="2022-10-18"/>
    <property name="java.home" value="C:\Program Files\Java\jdk-17.0.5"/>
    <property name="file.separator" value="\"/>
    <property name="basedir" value="C:\Users\bella\OneDrive\Documentos\Ebac BD parte dois\Modulo34\demo"/>
    <property name="java.vm.compressedOopsMode" value="32-bit"/>
    <property name="line.separator" value="&#10;"/>
    <property name="java.vm.specification.vendor" value="Oracle Corporation"/>
    <property name="java.specification.name" value="Java Platform API Specification"/>
    <property name="surefire.real.class.path" value="C:\Users\bella\AppData\Local\Temp\surefire12648846927240172556\surefirebooter-20230925150147962_3.jar"/>
    <property name="user.script" value=""/>
    <property name="sun.management.compiler" value="HotSpot 64-Bit Tiered Compilers"/>
    <property name="java.runtime.version" value="17.0.5+9-LTS-191"/>
    <property name="user.name" value="bella"/>
    <property name="path.separator" value=";"/>
    <property name="os.version" value="10.0"/>
    <property name="java.runtime.name" value="Java(TM) SE Runtime Environment"/>
    <property name="file.encoding" value="Cp1252"/>
    <property name="java.vm.name" value="Java HotSpot(TM) 64-Bit Server VM"/>
    <property name="localRepository" value="C:\Users\bella\.m2\repository"/>
    <property name="java.vendor.url.bug" value="https://bugreport.java.com/bugreport/"/>
    <property name="java.io.tmpdir" value="C:\Users\bella\AppData\Local\Temp\"/>
    <property name="java.version" value="17.0.5"/>
    <property name="user.dir" value="C:\Users\bella\OneDrive\Documentos\Ebac BD parte dois\Modulo34\demo"/>
    <property name="os.arch" value="amd64"/>
    <property name="java.vm.specification.name" value="Java Virtual Machine Specification"/>
    <property name="sun.os.patch.level" value=""/>
    <property name="native.encoding" value="Cp1252"/>
    <property name="java.library.path" value="C:\Program Files\Java\jdk-17.0.5\bin;C:\WINDOWS\Sun\Java\bin;C:\WINDOWS\system32;C:\WINDOWS;C:\Program Files\PowerShell\7;C:\Program Files\MySQL\MySQL Server 8.0\bin;C:\Program Files\Java\jdk-17.0.5\bin;C:\Program Files\Common Files\Oracle\Java\javapath;C:\Program Files (x86)\Common Files\Oracle\Java\javapath;C:\WINDOWS\system32;C:\WINDOWS;C:\WINDOWS\System32\Wbem;C:\WINDOWS\System32\WindowsPowerShell\v1.0\;C:\WINDOWS\System32\OpenSSH\;C:\Program Files\nodejs\;C:\Program Files\Git\cmd;C:\Program Files\Java\jdk-17.0.5\bin;C:\Program Files\PowerShell\7\;C:\Program Files\apache-maven-3.9.4-bin\apache-maven-3.9.4\bin;C:\Program Files\Docker\Docker\resources\bin;C:\Program Files\MySQL\MySQL Server 8.0\bin;C:\Users\bella\AppData\Local\Programs\Microsoft VS Code\bin;."/>
    <property name="java.vm.info" value="mixed mode, sharing"/>
    <property name="java.vendor" value="Oracle Corporation"/>
    <property name="java.vm.version" value="17.0.5+9-LTS-191"/>
    <property name="sun.io.unicode.encoding" value="UnicodeLittle"/>
    <property name="java.class.version" value="61.0"/>
  </properties>
  <testcase name="cadastrar" classname="com.example.CursoTest" time="1.359">
    <error type="java.lang.ExceptionInInitializerError"><![CDATA[java.lang.ExceptionInInitializerError
	at java.base/jdk.internal.reflect.NativeConstructorAccessorImpl.newInstance0(Native Method)
	at java.base/jdk.internal.reflect.NativeConstructorAccessorImpl.newInstance(NativeConstructorAccessorImpl.java:77)
	at java.base/jdk.internal.reflect.DelegatingConstructorAccessorImpl.newInstance(DelegatingConstructorAccessorImpl.java:45)
	at java.base/java.lang.reflect.Constructor.newInstanceWithCaller(Constructor.java:499)
	at java.base/java.lang.reflect.Constructor.newInstance(Constructor.java:480)
	at org.hibernate.ogm.dialect.impl.GridDialectInitiator$GridDialectInstantiator.newInstance(GridDialectInitiator.java:95)
	at org.hibernate.ogm.dialect.impl.GridDialectInitiator$GridDialectInstantiator.newInstance(GridDialectInitiator.java:66)
	at org.hibernate.ogm.util.configurationreader.impl.DefaultClassPropertyReaderContext.getDefaultValue(DefaultClassPropertyReaderContext.java:117)
	at org.hibernate.ogm.util.configurationreader.impl.DefaultClassPropertyReaderContext.getTypedValue(DefaultClassPropertyReaderContext.java:87)
	at org.hibernate.ogm.util.configurationreader.impl.PropertyReaderContextBase.getValue(PropertyReaderContextBase.java:98)
	at org.hibernate.ogm.util.configurationreader.impl.DefaultClassPropertyReaderContext.getValue(DefaultClassPropertyReaderContext.java:29)
	at org.hibernate.ogm.dialect.impl.GridDialectInitiator.initiateService(GridDialectInitiator.java:63)
	at org.hibernate.ogm.dialect.impl.GridDialectInitiator.initiateService(GridDialectInitiator.java:36)
	at org.hibernate.boot.registry.internal.StandardServiceRegistryImpl.initiateService(StandardServiceRegistryImpl.java:94)
	at org.hibernate.service.internal.AbstractServiceRegistryImpl.createService(AbstractServiceRegistryImpl.java:263)
	at org.hibernate.service.internal.AbstractServiceRegistryImpl.initializeService(AbstractServiceRegistryImpl.java:237)
	at org.hibernate.service.internal.AbstractServiceRegistryImpl.getService(AbstractServiceRegistryImpl.java:214)
	at org.hibernate.ogm.dialect.eventstate.impl.EventStateLifecycles$OperationsQueueLifecycle.mustBeEnabled(EventStateLifecycles.java:94)
	at org.hibernate.ogm.dialect.eventstate.impl.EventStateLifecycles.getEnabledLifecycles(EventStateLifecycles.java:51)
	at org.hibernate.ogm.dialect.eventstate.impl.EventContextManager.injectServices(EventContextManager.java:51)
	at org.hibernate.service.internal.AbstractServiceRegistryImpl.injectDependencies(AbstractServiceRegistryImpl.java:286)
	at org.hibernate.service.internal.AbstractServiceRegistryImpl.initializeService(AbstractServiceRegistryImpl.java:243)
	at org.hibernate.service.internal.AbstractServiceRegistryImpl.getService(AbstractServiceRegistryImpl.java:214)
	at org.hibernate.ogm.dialect.impl.GridDialectInitiator.initiateService(GridDialectInitiator.java:55)
	at org.hibernate.ogm.dialect.impl.GridDialectInitiator.initiateService(GridDialectInitiator.java:36)
	at org.hibernate.boot.registry.internal.StandardServiceRegistryImpl.initiateService(StandardServiceRegistryImpl.java:94)
	at org.hibernate.service.internal.AbstractServiceRegistryImpl.createService(AbstractServiceRegistryImpl.java:263)
	at org.hibernate.service.internal.AbstractServiceRegistryImpl.initializeService(AbstractServiceRegistryImpl.java:237)
	at org.hibernate.service.internal.AbstractServiceRegistryImpl.getService(AbstractServiceRegistryImpl.java:214)
	at org.hibernate.ogm.dialect.impl.OgmDialectFactoryInitiator$OgmDialectFactory.<init>(OgmDialectFactoryInitiator.java:44)
	at org.hibernate.ogm.dialect.impl.OgmDialectFactoryInitiator.initiateService(OgmDialectFactoryInitiator.java:31)
	at org.hibernate.ogm.dialect.impl.OgmDialectFactoryInitiator.initiateService(OgmDialectFactoryInitiator.java:25)
	at org.hibernate.boot.registry.internal.StandardServiceRegistryImpl.initiateService(StandardServiceRegistryImpl.java:94)
	at org.hibernate.service.internal.AbstractServiceRegistryImpl.createService(AbstractServiceRegistryImpl.java:263)
	at org.hibernate.service.internal.AbstractServiceRegistryImpl.initializeService(AbstractServiceRegistryImpl.java:237)
	at org.hibernate.service.internal.AbstractServiceRegistryImpl.getService(AbstractServiceRegistryImpl.java:214)
	at org.hibernate.engine.jdbc.env.internal.JdbcEnvironmentInitiator.initiateService(JdbcEnvironmentInitiator.java:50)
	at org.hibernate.engine.jdbc.env.internal.JdbcEnvironmentInitiator.initiateService(JdbcEnvironmentInitiator.java:35)
	at org.hibernate.boot.registry.internal.StandardServiceRegistryImpl.initiateService(StandardServiceRegistryImpl.java:94)
	at org.hibernate.service.internal.AbstractServiceRegistryImpl.createService(AbstractServiceRegistryImpl.java:263)
	at org.hibernate.service.internal.AbstractServiceRegistryImpl.initializeService(AbstractServiceRegistryImpl.java:237)
	at org.hibernate.service.internal.AbstractServiceRegistryImpl.getService(AbstractServiceRegistryImpl.java:214)
	at org.hibernate.id.factory.internal.DefaultIdentifierGeneratorFactory.injectServices(DefaultIdentifierGeneratorFactory.java:152)
	at org.hibernate.service.internal.AbstractServiceRegistryImpl.injectDependencies(AbstractServiceRegistryImpl.java:286)
	at org.hibernate.service.internal.AbstractServiceRegistryImpl.initializeService(AbstractServiceRegistryImpl.java:243)
	at org.hibernate.service.internal.AbstractServiceRegistryImpl.getService(AbstractServiceRegistryImpl.java:214)
	at org.hibernate.boot.internal.InFlightMetadataCollectorImpl.<init>(InFlightMetadataCollectorImpl.java:179)
	at org.hibernate.boot.model.process.spi.MetadataBuildingProcess.complete(MetadataBuildingProcess.java:119)
	at org.hibernate.jpa.boot.internal.EntityManagerFactoryBuilderImpl.metadata(EntityManagerFactoryBuilderImpl.java:904)
	at org.hibernate.jpa.boot.internal.EntityManagerFactoryBuilderImpl.build(EntityManagerFactoryBuilderImpl.java:935)
	at org.hibernate.jpa.HibernatePersistenceProvider.createEntityManagerFactory(HibernatePersistenceProvider.java:56)
	at org.hibernate.ogm.jpa.HibernateOgmPersistence.createEntityManagerFactory(HibernateOgmPersistence.java:57)
	at javax.persistence.Persistence.createEntityManagerFactory(Persistence.java:79)
	at javax.persistence.Persistence.createEntityManagerFactory(Persistence.java:54)
	at com.example.dao.CursoDao.cadastrar(CursoDao.java:21)
	at com.example.CursoTest.cadastrar(CursoTest.java:25)
	at java.base/jdk.internal.reflect.NativeMethodAccessorImpl.invoke0(Native Method)
	at java.base/jdk.internal.reflect.NativeMethodAccessorImpl.invoke(NativeMethodAccessorImpl.java:77)
	at java.base/jdk.internal.reflect.DelegatingMethodAccessorImpl.invoke(DelegatingMethodAccessorImpl.java:43)
	at java.base/java.lang.reflect.Method.invoke(Method.java:568)
	at org.junit.runners.model.FrameworkMethod$1.runReflectiveCall(FrameworkMethod.java:50)
	at org.junit.internal.runners.model.ReflectiveCallable.run(ReflectiveCallable.java:12)
	at org.junit.runners.model.FrameworkMethod.invokeExplosively(FrameworkMethod.java:47)
	at org.junit.internal.runners.statements.InvokeMethod.evaluate(InvokeMethod.java:17)
	at org.junit.runners.ParentRunner.runLeaf(ParentRunner.java:325)
	at org.junit.runners.BlockJUnit4ClassRunner.runChild(BlockJUnit4ClassRunner.java:78)
	at org.junit.runners.BlockJUnit4ClassRunner.runChild(BlockJUnit4ClassRunner.java:57)
	at org.junit.runners.ParentRunner$3.run(ParentRunner.java:290)
	at org.junit.runners.ParentRunner$1.schedule(ParentRunner.java:71)
	at org.junit.runners.ParentRunner.runChildren(ParentRunner.java:288)
	at org.junit.runners.ParentRunner.access$000(ParentRunner.java:58)
	at org.junit.runners.ParentRunner$2.evaluate(ParentRunner.java:268)
	at org.junit.runners.ParentRunner.run(ParentRunner.java:363)
	at org.apache.maven.surefire.junit4.JUnit4Provider.execute(JUnit4Provider.java:316)
	at org.apache.maven.surefire.junit4.JUnit4Provider.executeWithRerun(JUnit4Provider.java:240)
	at org.apache.maven.surefire.junit4.JUnit4Provider.executeTestSet(JUnit4Provider.java:214)
	at org.apache.maven.surefire.junit4.JUnit4Provider.invoke(JUnit4Provider.java:155)
	at org.apache.maven.surefire.booter.ForkedBooter.runSuitesInProcess(ForkedBooter.java:385)
	at org.apache.maven.surefire.booter.ForkedBooter.execute(ForkedBooter.java:162)
	at org.apache.maven.surefire.booter.ForkedBooter.run(ForkedBooter.java:507)
	at org.apache.maven.surefire.booter.ForkedBooter.main(ForkedBooter.java:495)
Caused by: java.lang.RuntimeException: Error creating extended parser class: Could not determine whether class 'org.hibernate.ogm.datastore.mongodb.query.parsing.nativequery.impl.NativeQueryParser$$parboiled' has already been loaded
	at org.parboiled.Parboiled.createParser(Parboiled.java:58)
	at org.hibernate.ogm.datastore.mongodb.MongoDBDialect.<clinit>(MongoDBDialect.java:218)
	... 81 more
Caused by: java.lang.RuntimeException: Could not determine whether class 'org.hibernate.ogm.datastore.mongodb.query.parsing.nativequery.impl.NativeQueryParser$$parboiled' has already been loaded
	at org.parboiled.transform.AsmUtils.findLoadedClass(AsmUtils.java:217)
	at org.parboiled.transform.ParserTransformer.transformParser(ParserTransformer.java:35)
	at org.parboiled.Parboiled.createParser(Parboiled.java:54)
	... 82 more
Caused by: java.lang.reflect.InaccessibleObjectException: Unable to make protected final java.lang.Class java.lang.ClassLoader.findLoadedClass(java.lang.String) accessible: module java.base does not "opens java.lang" to unnamed module @6a4f787b
	at java.base/java.lang.reflect.AccessibleObject.checkCanSetAccessible(AccessibleObject.java:354)
	at java.base/java.lang.reflect.AccessibleObject.checkCanSetAccessible(AccessibleObject.java:297)
	at java.base/java.lang.reflect.Method.checkCanSetAccessible(Method.java:199)
	at java.base/java.lang.reflect.Method.setAccessible(Method.java:193)
	at org.parboiled.transform.AsmUtils.findLoadedClass(AsmUtils.java:210)
	... 84 more
]]></error>
    <system-err><![CDATA[set. 25, 2023 3:01:48 PM org.hibernate.jpa.internal.util.LogHelper logPersistenceUnitInformation
INFO: HHH000204: Processing PersistenceUnitInfo [
	name: ExemploJPA
	...]
set. 25, 2023 3:01:48 PM org.hibernate.Version logVersion
INFO: HHH000412: Hibernate Core {5.3.6.Final}
set. 25, 2023 3:01:48 PM org.hibernate.cfg.Environment <clinit>
INFO: HHH000206: hibernate.properties not found
set. 25, 2023 3:01:49 PM org.hibernate.annotations.common.reflection.java.JavaReflectionManager <clinit>
INFO: HCANN000001: Hibernate Commons Annotations {5.0.4.Final}
set. 25, 2023 3:01:49 PM org.hibernate.ogm.datastore.impl.DatastoreProviderInitiator initiateService
INFO: OGM000016: NoSQL Datastore provider: org.hibernate.ogm.datastore.mongodb.impl.MongoDBDatastoreProvider
set. 25, 2023 3:01:49 PM org.hibernate.ogm.datastore.mongodb.impl.MongoDBDatastoreProvider createMongoClient
INFO: OGM001201: Connecting to MongoDB at 127.0.0.1:27017 with a timeout set at 10000 millisecond(s)
set. 25, 2023 3:01:49 PM com.mongodb.diagnostics.logging.JULLogger log
INFO: Cluster created with settings {hosts=[127.0.0.1:27017], mode=MULTIPLE, requiredClusterType=UNKNOWN, serverSelectionTimeout='30000 ms', maxWaitQueueSize=500}
set. 25, 2023 3:01:49 PM com.mongodb.diagnostics.logging.JULLogger log
INFO: Adding discovered server 127.0.0.1:27017 to client view of cluster
set. 25, 2023 3:01:49 PM org.hibernate.ogm.datastore.mongodb.impl.MongoDBDatastoreProvider extractDatabase
INFO: OGM001207: Connecting to Mongo database named [ebac].
set. 25, 2023 3:01:49 PM com.mongodb.diagnostics.logging.JULLogger log
INFO: Cluster description not yet available. Waiting for 30000 ms before timing out
set. 25, 2023 3:01:49 PM com.mongodb.diagnostics.logging.JULLogger log
INFO: Opened connection [connectionId{localValue:1}] to 127.0.0.1:27017
set. 25, 2023 3:01:49 PM com.mongodb.diagnostics.logging.JULLogger log
INFO: Monitor thread successfully connected to server with description ServerDescription{address=127.0.0.1:27017, type=STANDALONE, state=CONNECTED, ok=true, version=ServerVersion{versionList=[7, 0, 1]}, minWireVersion=0, maxWireVersion=21, maxDocumentSize=16777216, logicalSessionTimeoutMinutes=30, roundTripTimeNanos=3762800}
set. 25, 2023 3:01:49 PM com.mongodb.diagnostics.logging.JULLogger log
INFO: Discovered cluster type of STANDALONE
set. 25, 2023 3:01:49 PM com.mongodb.diagnostics.logging.JULLogger log
INFO: Opened connection [connectionId{localValue:2}] to 127.0.0.1:27017
]]></system-err>
  </testcase>
</testsuite>